ERROR 2024-01-15 10:55:31.878 - [main] CliLauncher Instantiation of [simple type, class com.chromia.cli.model.TestModel] value failed for JSON property moduleArgs due to missing (therefore NULL) value for creator parameter moduleArgs which is a non-nullable type
 at [Source: (StringReader); line: 33, column: 3] (through reference chain: com.chromia.cli.model.ChromiaModel["test"]->com.chromia.cli.model.TestModel["moduleArgs"])
com.fasterxml.jackson.module.kotlin.MissingKotlinParameterException: Instantiation of [simple type, class com.chromia.cli.model.TestModel] value failed for JSON property moduleArgs due to missing (therefore NULL) value for creator parameter moduleArgs which is a non-nullable type
 at [Source: (StringReader); line: 33, column: 3] (through reference chain: com.chromia.cli.model.ChromiaModel["test"]->com.chromia.cli.model.TestModel["moduleArgs"])
	at com.fasterxml.jackson.module.kotlin.KotlinValueInstantiator.createFromObjectWith(KotlinValueInstantiator.kt:84) ~[jackson-module-kotlin-2.15.0.jar:2.15.0]
	at com.fasterxml.jackson.databind.deser.impl.PropertyBasedCreator.build(PropertyBasedCreator.java:202) ~[jackson-databind-2.15.3.jar:2.15.3]
	at com.fasterxml.jackson.databind.deser.BeanDeserializer._deserializeUsingPropertyBased(BeanDeserializer.java:525) ~[jackson-databind-2.15.3.jar:2.15.3]
	at com.fasterxml.jackson.databind.deser.BeanDeserializerBase.deserializeFromObjectUsingNonDefault(BeanDeserializerBase.java:1409) ~[jackson-databind-2.15.3.jar:2.15.3]
	at com.fasterxml.jackson.databind.deser.BeanDeserializer.deserializeFromObject(BeanDeserializer.java:352) ~[jackson-databind-2.15.3.jar:2.15.3]
	at com.fasterxml.jackson.databind.deser.BeanDeserializer.deserialize(BeanDeserializer.java:185) ~[jackson-databind-2.15.3.jar:2.15.3]
	at com.fasterxml.jackson.databind.deser.SettableBeanProperty.deserialize(SettableBeanProperty.java:545) ~[jackson-databind-2.15.3.jar:2.15.3]
	at com.fasterxml.jackson.databind.deser.BeanDeserializer._deserializeWithErrorWrapping(BeanDeserializer.java:570) ~[jackson-databind-2.15.3.jar:2.15.3]
	at com.fasterxml.jackson.databind.deser.BeanDeserializer._deserializeUsingPropertyBased(BeanDeserializer.java:439) ~[jackson-databind-2.15.3.jar:2.15.3]
	at com.fasterxml.jackson.databind.deser.BeanDeserializerBase.deserializeFromObjectUsingNonDefault(BeanDeserializerBase.java:1409) ~[jackson-databind-2.15.3.jar:2.15.3]
	at com.fasterxml.jackson.databind.deser.BeanDeserializer.deserializeFromObject(BeanDeserializer.java:352) ~[jackson-databind-2.15.3.jar:2.15.3]
	at com.fasterxml.jackson.databind.deser.BeanDeserializer.deserialize(BeanDeserializer.java:185) ~[jackson-databind-2.15.3.jar:2.15.3]
	at com.fasterxml.jackson.databind.deser.DefaultDeserializationContext.readRootValue(DefaultDeserializationContext.java:323) ~[jackson-databind-2.15.3.jar:2.15.3]
	at com.fasterxml.jackson.databind.ObjectMapper._readMapAndClose(ObjectMapper.java:4825) ~[jackson-databind-2.15.3.jar:2.15.3]
	at com.fasterxml.jackson.databind.ObjectMapper.readValue(ObjectMapper.java:3772) ~[jackson-databind-2.15.3.jar:2.15.3]
	at com.fasterxml.jackson.databind.ObjectMapper.readValue(ObjectMapper.java:3740) ~[jackson-databind-2.15.3.jar:2.15.3]
	at com.chromia.cli.model.LoadKt.parseModel(load.kt:19) ~[chromia-build-tools-0.14.2.jar:0.14.2]
	at com.chromia.cli.tools.config.ChromiaModelOption$model$2.invoke(configOption.kt:39) ~[chromia-cli-tools-0.14.2.jar:0.14.2]
	at com.chromia.cli.tools.config.ChromiaModelOption$model$2.invoke(configOption.kt:39) ~[chromia-cli-tools-0.14.2.jar:0.14.2]
	at kotlin.SynchronizedLazyImpl.getValue(LazyJVM.kt:74) ~[kotlin-stdlib-1.8.21.jar:1.8.21-release-380(1.8.21)]
	at com.chromia.cli.tools.config.ChromiaModelOption.getModel(configOption.kt:39) ~[chromia-cli-tools-0.14.2.jar:0.14.2]
	at com.chromia.cli.InstallCommand$special$$inlined$validate$1.invoke(Validate.kt:72) ~[chromia-cli-0.14.2.jar:0.14.2]
	at com.chromia.cli.InstallCommand$special$$inlined$validate$1.invoke(Validate.kt:25) ~[chromia-cli-0.14.2.jar:0.14.2]
	at com.github.ajalt.clikt.parameters.options.OptionWithValuesImpl.postValidate(OptionWithValues.kt:237) ~[clikt-jvm-4.2.0.jar:?]
	at com.github.ajalt.clikt.parsers.Parser.parse(Parser.kt:289) ~[clikt-jvm-4.2.0.jar:?]
	at com.github.ajalt.clikt.parsers.Parser.parse(Parser.kt:319) ~[clikt-jvm-4.2.0.jar:?]
	at com.github.ajalt.clikt.parsers.Parser.parse(Parser.kt:40) ~[clikt-jvm-4.2.0.jar:?]
	at com.github.ajalt.clikt.core.CliktCommand.parse(CliktCommand.kt:458) ~[clikt-jvm-4.2.0.jar:?]
	at com.github.ajalt.clikt.core.CliktCommand.parse$default(CliktCommand.kt:455) ~[clikt-jvm-4.2.0.jar:?]
	at com.github.ajalt.clikt.core.CliktCommand.main(CliktCommand.kt:475) ~[clikt-jvm-4.2.0.jar:?]
	at com.chromia.cli.tools.launcher.CliLauncher.catchingAllExceptionsMain(CliLauncher.kt:68) [chromia-cli-tools-0.14.2.jar:0.14.2]
	at com.chromia.MainKt.main(main.kt:43) [chromia-cli-0.14.2.jar:0.14.2]
